================================================================
  Vivado(TM) HLS - High-Level Synthesis from C, C++ and SystemC
  Version 2017.2
  Build 1909853 on Thu Jun 15 18:55:24 MDT 2017
  Copyright (C) 1986-2017 Xilinx, Inc. All Rights Reserved.
================================================================
INFO: [HLS 200-10] Running '/opt/Xilinx/Vivado_HLS/2017.2/bin/unwrapped/lnx64.o/vivado_hls'
INFO: [HLS 200-10] For user 'koernerja' on host 'ece1373-a2-cont1.lxd' (Linux_x86_64 version 4.4.0-119-generic) on Sun Jun 16 01:07:09 UTC 2019
INFO: [HLS 200-10] On os Ubuntu 16.04.3 LTS
INFO: [HLS 200-10] In directory '/home/koernerja/Desktop/ece1373_project_seizure'
INFO: [HLS 200-10] Opening project '/home/koernerja/Desktop/ece1373_project_seizure/hls_proj/LSTM_proj'.
INFO: [HLS 200-10] Adding design file '../c_code/ElemWiseVecAdd/ElemWiseVecAdd.cpp' to the project
INFO: [HLS 200-10] Adding design file '../c_code/ElemWiseVecMul/ElemWiseVecMul.cpp' to the project
INFO: [HLS 200-10] Adding design file '../c_code/ElemWiseTanh/ElemWiseTanh.cpp' to the project
INFO: [HLS 200-10] Adding design file '../c_code/ElemWiseSigmoid/ElemWiseSigmoid.cpp' to the project
INFO: [HLS 200-10] Adding design file '../c_code/matrix_vector_mult/mv_state.cpp' to the project
INFO: [HLS 200-10] Adding design file '../c_code/matrix_vector_mult/mv_input.cpp' to the project
INFO: [HLS 200-10] Adding design file '../c_code/matrix_vector_mult/mv_output.cpp' to the project
INFO: [HLS 200-10] Adding design file '../c_code/top/lstm.cpp' to the project
INFO: [HLS 200-10] Adding test bench file '../c_code/top/lstm_test.cpp' to the project
INFO: [HLS 200-10] Opening solution '/home/koernerja/Desktop/ece1373_project_seizure/hls_proj/LSTM_proj/solution1'.
INFO: [SYN 201-201] Setting up clock 'default' with a period of 4ns.
INFO: [HLS 200-10] Setting target device to 'xcvu095-ffvc1517-2-e'
