INFO: [HLS 200-0] Workspace /home/koernerja/Desktop/ece1373_project_seizure/hls_proj/LSTM_proj/solution1 opened at Sun Jun 16 19:00:27 UTC 2019
INFO: [HLS 200-100] Execute     config_clock -quiet -name default -period 4.0 -unit ns -default=false 
INFO: [SYN 201-201] Setting up clock 'default' with a period of 4ns.
INFO: [HLS 200-100] Command     config_clock returned 0; 0 sec.
INFO: [HLS 200-100] Execute     open_platform DefaultPlatform 
INFO: [HLS 200-100] Command     open_platform returned 0; 0 sec.
INFO: [HLS 200-100] Execute     import_lib /opt/Xilinx/Vivado_HLS/2017.2/common/technology/xilinx/virtexu/virtexu 
INFO: [HLS 200-100] Execute       source /opt/Xilinx/Vivado_HLS/2017.2/common/technology/xilinx/common/xilinx.lib 
INFO: [HLS 200-100] Execute         source /opt/Xilinx/Vivado_HLS/2017.2/common/technology/xilinx/interface/xilinx_interface.lib 
INFO: [HLS 200-100] Execute           source /opt/Xilinx/Vivado_HLS/2017.2/common/technology/xilinx/interface/plb46.lib 
INFO: [HLS 200-100] Command           ap_source returned 0; 0 sec.
INFO: [HLS 200-100] Execute           source /opt/Xilinx/Vivado_HLS/2017.2/common/technology/xilinx/interface/fsl.lib 
INFO: [HLS 200-100] Command           ap_source returned 0; 0 sec.
INFO: [HLS 200-100] Execute           source /opt/Xilinx/Vivado_HLS/2017.2/common/technology/xilinx/interface/axi4.lib 
INFO: [HLS 200-100] Command           ap_source returned 0; 0 sec.
INFO: [HLS 200-100] Execute           source /opt/Xilinx/Vivado_HLS/2017.2/common/technology/xilinx/interface/maxi.lib 
INFO: [HLS 200-100] Command           ap_source returned 0; 0 sec.
INFO: [HLS 200-100] Execute           source /opt/Xilinx/Vivado_HLS/2017.2/common/technology/xilinx/interface/saxilite.lib 
INFO: [HLS 200-100] Command           ap_source returned 0; 0 sec.
INFO: [HLS 200-100] Command         ap_source returned 0; 0.01 sec.
INFO: [HLS 200-100] Execute         source /opt/Xilinx/Vivado_HLS/2017.2/common/technology/xilinx/common/dsp48.lib 
INFO: [HLS 200-100] Command         ap_source returned 0; 0 sec.
INFO: [HLS 200-100] Execute         source /opt/Xilinx/Vivado_HLS/2017.2/common/technology/xilinx/ip/xfft.lib 
INFO: [HLS 200-100] Command         ap_source returned 0; 0 sec.
INFO: [HLS 200-100] Execute         source /opt/Xilinx/Vivado_HLS/2017.2/common/technology/xilinx/ip/xfir.lib 
INFO: [HLS 200-100] Command         ap_source returned 0; 0 sec.
INFO: [HLS 200-100] Execute         source /opt/Xilinx/Vivado_HLS/2017.2/common/technology/xilinx/ip/dds_compiler.lib 
INFO: [HLS 200-100] Command         ap_source returned 0; 0 sec.
INFO: [HLS 200-100] Command       ap_source returned 0; 0.02 sec.
INFO: [HLS 200-100] Execute       source /opt/Xilinx/Vivado_HLS/2017.2/common/technology/xilinx/common/xilinx_old.lib 
INFO: [HLS 200-100] Command       ap_source returned 0; 0 sec.
INFO: [HLS 200-100] Execute       source /opt/Xilinx/Vivado_HLS/2017.2/common/technology/xilinx/common/xilinx_vivado.lib 
INFO: [HLS 200-100] Command       ap_source returned 0; 0 sec.
INFO: [HLS 200-100] Execute       source /opt/Xilinx/Vivado_HLS/2017.2/common/technology/xilinx/common/xilinx.hlp 
INFO: [HLS 200-100] Execute         source /opt/Xilinx/Vivado_HLS/2017.2/common/technology/xilinx/common/target_info.tcl 
INFO: [HLS 200-100] Command         ap_source returned 0; 0 sec.
INFO: [HLS 200-100] Execute         source /opt/Xilinx/Vivado_HLS/2017.2/common/technology/xilinx/interface/xilinx_interface.hlp 
INFO: [HLS 200-100] Execute           source /opt/Xilinx/Vivado_HLS/2017.2/common/technology/xilinx/interface/maxi.hlp 
INFO: [HLS 200-100] Command           ap_source returned 0; 0 sec.
INFO: [HLS 200-100] Execute           source /opt/Xilinx/Vivado_HLS/2017.2/common/technology/xilinx/interface/saxilite.hlp 
INFO: [HLS 200-100] Command           ap_source returned 0; 0 sec.
INFO: [HLS 200-100] Command         ap_source returned 0; 0 sec.
INFO: [HLS 200-100] Execute         source /opt/Xilinx/Vivado_HLS/2017.2/common/technology/xilinx/common/dsp48.hlp 
INFO: [HLS 200-100] Command         ap_source returned 0; 0 sec.
INFO: [HLS 200-100] Command       ap_source returned 0; 0 sec.
INFO: [HLS 200-100] Execute       source /opt/Xilinx/Vivado_HLS/2017.2/common/technology/xilinx/virtexu/dsp48e2.hlp 
INFO: [HLS 200-100] Command       ap_source returned 0; 0 sec.
INFO: [HLS 200-100] Execute       get_default_platform 
INFO: [HLS 200-100] Command       get_default_platform returned 0; 0 sec.
INFO: [HLS 200-100] Execute       config_chip_info -quiet -resource  {SLICE 55714}  {LUT 445712}    {FF 891424}   {DSP48E 672}   {BRAM 2842}  
INFO: [HLS 200-100] Command       config_chip_info returned 0; 0 sec.
INFO: [HLS 200-100] Execute       config_chip_info -quiet -speed medium 
INFO: [HLS 200-100] Command       config_chip_info returned 0; 0 sec.
INFO: [HLS 200-100] Execute       source /opt/Xilinx/Vivado_HLS/2017.2/common/technology/xilinx/common/xilinx.hlp 
INFO: [HLS 200-100] Execute         source /opt/Xilinx/Vivado_HLS/2017.2/common/technology/xilinx/common/target_info.tcl 
INFO: [HLS 200-100] Command         ap_source returned 0; 0 sec.
INFO: [HLS 200-100] Execute         source /opt/Xilinx/Vivado_HLS/2017.2/common/technology/xilinx/interface/xilinx_interface.hlp 
INFO: [HLS 200-100] Execute           source /opt/Xilinx/Vivado_HLS/2017.2/common/technology/xilinx/interface/maxi.hlp 
INFO: [HLS 200-100] Command           ap_source returned 0; 0 sec.
INFO: [HLS 200-100] Execute           source /opt/Xilinx/Vivado_HLS/2017.2/common/technology/xilinx/interface/saxilite.hlp 
INFO: [HLS 200-100] Command           ap_source returned 0; 0 sec.
INFO: [HLS 200-100] Command         ap_source returned 0; 0 sec.
INFO: [HLS 200-100] Execute         source /opt/Xilinx/Vivado_HLS/2017.2/common/technology/xilinx/common/dsp48.hlp 
INFO: [HLS 200-100] Command         ap_source returned 0; 0 sec.
INFO: [HLS 200-100] Command       ap_source returned 0; 0 sec.
INFO: [HLS 200-100] Command     import_lib returned 0; 0.04 sec.
INFO: [HLS 200-100] Execute     source /opt/Xilinx/Vivado_HLS/2017.2/common/technology/xilinx/virtexu/virtexu.gen 
INFO: [HLS 200-100] Execute       source /opt/Xilinx/Vivado_HLS/2017.2/common/technology/xilinx/common/virtex.gen 
INFO: [HLS 200-100] Execute         source /opt/Xilinx/Vivado_HLS/2017.2/common/technology/xilinx/common/xilinx.gen 
INFO: [HLS 200-100] Execute           source /opt/Xilinx/Vivado_HLS/2017.2/common/technology/xilinx/interface/plb46.gen 
INFO: [HLS 200-100] Command           ap_source returned 0; 0 sec.
INFO: [HLS 200-100] Execute           source /opt/Xilinx/Vivado_HLS/2017.2/common/technology/xilinx/interface/fsl.gen 
INFO: [HLS 200-100] Command           ap_source returned 0; 0 sec.
INFO: [HLS 200-100] Execute           source /opt/Xilinx/Vivado_HLS/2017.2/common/technology/xilinx/interface/axi4.gen 
INFO: [HLS 200-100] Command           ap_source returned 0; 0.01 sec.
INFO: [HLS 200-100] Execute           source /opt/Xilinx/Vivado_HLS/2017.2/common/technology/xilinx/interface/nativeAXI4.gen 
INFO: [HLS 200-100] Execute             source /opt/Xilinx/Vivado_HLS/2017.2/common/technology/xilinx/interface/saxilite.gen 
INFO: [HLS 200-100] Command             ap_source returned 0; 0 sec.
INFO: [HLS 200-100] Execute             source /opt/Xilinx/Vivado_HLS/2017.2/common/technology/xilinx/interface/maxi.gen 
INFO: [HLS 200-100] Command             ap_source returned 0; 0.01 sec.
INFO: [HLS 200-100] Command           ap_source returned 0; 0.01 sec.
INFO: [HLS 200-100] Execute           source /opt/Xilinx/Vivado_HLS/2017.2/common/technology/xilinx/scripts/xilinxcoregen.gen 
INFO: [HLS 200-100] Command           ap_source returned 0; 0.01 sec.
INFO: [HLS 200-100] Execute           source /opt/Xilinx/Vivado_HLS/2017.2/common/technology/xilinx/interface/XilEDKCoreGen.gen 
INFO: [HLS 200-100] Command           ap_source returned 0; 0.01 sec.
INFO: [HLS 200-100] Execute           source /opt/Xilinx/Vivado_HLS/2017.2/common/technology/xilinx/ip/dds_compiler.gen 
INFO: [HLS 200-100] Command           ap_source returned 0; 0 sec.
INFO: [HLS 200-100] Execute           source /opt/Xilinx/Vivado_HLS/2017.2/common/technology/xilinx/ip/util.gen 
INFO: [HLS 200-100] Command           ap_source returned 0; 0 sec.
INFO: [HLS 200-100] Execute           source /opt/Xilinx/Vivado_HLS/2017.2/common/technology/xilinx/ip/xfft.gen 
INFO: [HLS 200-100] Command           ap_source returned 0; 0.1 sec.
INFO: [HLS 200-100] Execute           source /opt/Xilinx/Vivado_HLS/2017.2/common/technology/xilinx/ip/xfir.gen 
INFO: [HLS 200-100] Command           ap_source returned 0; 0 sec.
INFO: [HLS 200-100] Command         ap_source returned 0; 0.14 sec.
INFO: [HLS 200-100] Execute         source /opt/Xilinx/Vivado_HLS/2017.2/common/technology/xilinx/common/dsp48.gen 
INFO: [HLS 200-100] Command         ap_source returned 0; 0 sec.
INFO: [HLS 200-100] Command       ap_source returned 0; 0.14 sec.
INFO: [HLS 200-100] Command     ap_source returned 0; 0.14 sec.
INFO: [HLS 200-100] Execute     open_platform DefaultPlatform 
INFO: [HLS 200-100] Command     open_platform returned 0; 0 sec.
INFO: [HLS 200-100] Execute     import_lib /opt/Xilinx/Vivado_HLS/2017.2/common/technology/xilinx/virtexu/virtexu_fpv7 
INFO: [HLS 200-100] Execute       source /opt/Xilinx/Vivado_HLS/2017.2/common/technology/xilinx/common/xilinx_fpv7.lib 
INFO: [HLS 200-100] Execute         source /opt/Xilinx/Vivado_HLS/2017.2/common/technology/xilinx/common/xilinx_hp.lib 
INFO: [HLS 200-100] Command         ap_source returned 0; 0.01 sec.
INFO: [HLS 200-100] Command       ap_source returned 0; 0.02 sec.
INFO: [HLS 200-100] Execute       source /opt/Xilinx/Vivado_HLS/2017.2/common/technology/xilinx/common/xilinx_fpv.hlp 
INFO: [HLS 200-100] Execute         source /opt/Xilinx/Vivado_HLS/2017.2/common/technology/xilinx/common/xilinx.hlp 
INFO: [HLS 200-100] Execute           source /opt/Xilinx/Vivado_HLS/2017.2/common/technology/xilinx/common/target_info.tcl 
INFO: [HLS 200-100] Command           ap_source returned 0; 0 sec.
INFO: [HLS 200-100] Execute           source /opt/Xilinx/Vivado_HLS/2017.2/common/technology/xilinx/interface/xilinx_interface.hlp 
INFO: [HLS 200-100] Execute             source /opt/Xilinx/Vivado_HLS/2017.2/common/technology/xilinx/interface/maxi.hlp 
INFO: [HLS 200-100] Command             ap_source returned 0; 0 sec.
INFO: [HLS 200-100] Execute             source /opt/Xilinx/Vivado_HLS/2017.2/common/technology/xilinx/interface/saxilite.hlp 
INFO: [HLS 200-100] Command             ap_source returned 0; 0 sec.
INFO: [HLS 200-100] Command           ap_source returned 0; 0 sec.
INFO: [HLS 200-100] Execute           source /opt/Xilinx/Vivado_HLS/2017.2/common/technology/xilinx/common/dsp48.hlp 
INFO: [HLS 200-100] Command           ap_source returned 0; 0 sec.
INFO: [HLS 200-100] Command         ap_source returned 0; 0 sec.
INFO: [HLS 200-100] Command       ap_source returned 0; 0 sec.
INFO: [HLS 200-100] Execute       source /opt/Xilinx/Vivado_HLS/2017.2/common/technology/xilinx/virtexu/virtexu_hp.hlp 
INFO: [HLS 200-100] Command       ap_source returned 0; 0 sec.
INFO: [HLS 200-100] Command     import_lib returned 0; 0.03 sec.
INFO: [HLS 200-100] Execute     source /opt/Xilinx/Vivado_HLS/2017.2/common/technology/xilinx/virtexu/virtexu_fpv7.gen 
INFO: [HLS 200-100] Execute       source /opt/Xilinx/Vivado_HLS/2017.2/common/technology/xilinx/common/xilinx_fpv6.gen 
INFO: [HLS 200-100] Command       ap_source returned 0; 0 sec.
INFO: [HLS 200-100] Command     ap_source returned 0; 0 sec.
INFO: [HLS 200-100] Execute     set_part xcvu095-ffvc1517-2-e 
INFO: [HLS 200-100] Execute       add_library xilinx/virtexu/virtexu:xcvu095:-ffvc1517:-2-e 
INFO: [HLS 200-100] Execute         get_default_platform 
INFO: [HLS 200-100] Command         get_default_platform returned 0; 0 sec.
INFO: [HLS 200-100] Execute         license_isbetapart xcvu095 
INFO: [HLS 200-100] Command         license_isbetapart returned 1; 0 sec.
INFO: [HLS 200-100] Execute         get_default_platform 
INFO: [HLS 200-100] Command         get_default_platform returned 0; 0 sec.
INFO: [HLS 200-100] Execute         config_chip_info -quiet -resource  {SLICE 67200}  {LUT 537600}    {FF 1075200}  {DSP48E 768}   {BRAM 3456}  
INFO: [HLS 200-100] Command         config_chip_info returned 0; 0 sec.
INFO: [HLS 200-100] Execute         config_chip_info -quiet -speed medium 
INFO: [HLS 200-100] Command         config_chip_info returned 0; 0 sec.
INFO: [HLS 200-100] Command       add_library returned 0; 0.01 sec.
INFO: [HLS 200-100] Execute       add_library xilinx/virtexu/virtexu_fpv7 
INFO: [HLS 200-100] Execute         get_default_platform 
INFO: [HLS 200-100] Command         get_default_platform returned 0; 0 sec.
INFO: [HLS 200-100] Command       add_library returned 0; 0 sec.
INFO: [HLS 200-10] Setting target device to 'xcvu095-ffvc1517-2-e'
INFO: [HLS 200-100] Execute       get_default_platform 
INFO: [HLS 200-100] Command       get_default_platform returned 0; 0 sec.
INFO: [HLS 200-100] Command     set_part returned 0; 0.07 sec.
INFO: [HLS 200-100] Execute     get_default_platform 
INFO: [HLS 200-100] Command     get_default_platform returned 0; 0 sec.
INFO: [HLS 200-100] Execute     config_chip_info -quiet -resource  {SLICE 67200}  {LUT 537600}    {FF 1075200}  {DSP48E 768}   {BRAM 3456}  
INFO: [HLS 200-100] Command     config_chip_info returned 0; 0 sec.
INFO: [HLS 200-100] Execute     config_chip_info -quiet -speed medium 
INFO: [HLS 200-100] Command     config_chip_info returned 0; 0 sec.
INFO: [HLS 200-100] Execute     config_interface -m_axi_addr64=1 -m_axi_offset=off -register_io=off 
INFO: [HLS 200-100] Command     config_interface returned 0; 0 sec.
INFO: [HLS 200-100] Command   open_solution returned 0; 0.29 sec.
INFO: [HLS 200-100] Execute   csim_design -compiler gcc -quiet 
INFO: [SIM 211-2] *************** CSIM start ***************
INFO: [SIM 211-4] CSIM will launch GCC as the compiler.
INFO: [HLS 200-100] Execute     source csim/.lst_opt.tcl 
INFO: [HLS 200-100] Command     ap_source returned 0; 0 sec.
INFO: [HLS 200-100] Execute     is_encrypted /home/koernerja/Desktop/ece1373_project_seizure/c_code/top/lstm_test.cpp 
INFO: [HLS 200-100] Command     is_encrypted returned 0; 0 sec.
INFO: [HLS 200-100] Execute     is_xip /home/koernerja/Desktop/ece1373_project_seizure/c_code/top/lstm_test.cpp 
INFO: [HLS 200-100] Command     is_xip returned 0; 0 sec.
INFO: [HLS 200-100] Execute     is_encrypted /home/koernerja/Desktop/ece1373_project_seizure/c_code/ElemWiseSigmoid/ElemWiseSigmoid.cpp 
INFO: [HLS 200-100] Command     is_encrypted returned 0; 0 sec.
INFO: [HLS 200-100] Execute     is_xip /home/koernerja/Desktop/ece1373_project_seizure/c_code/ElemWiseSigmoid/ElemWiseSigmoid.cpp 
INFO: [HLS 200-100] Command     is_xip returned 0; 0 sec.
INFO: [HLS 200-100] Execute     is_encrypted /home/koernerja/Desktop/ece1373_project_seizure/c_code/ElemWiseTanh/ElemWiseTanh.cpp 
INFO: [HLS 200-100] Command     is_encrypted returned 0; 0 sec.
INFO: [HLS 200-100] Execute     is_xip /home/koernerja/Desktop/ece1373_project_seizure/c_code/ElemWiseTanh/ElemWiseTanh.cpp 
INFO: [HLS 200-100] Command     is_xip returned 0; 0 sec.
INFO: [HLS 200-100] Execute     is_encrypted /home/koernerja/Desktop/ece1373_project_seizure/c_code/ElemWiseVecAdd/ElemWiseVecAdd.cpp 
INFO: [HLS 200-100] Command     is_encrypted returned 0; 0 sec.
INFO: [HLS 200-100] Execute     is_xip /home/koernerja/Desktop/ece1373_project_seizure/c_code/ElemWiseVecAdd/ElemWiseVecAdd.cpp 
INFO: [HLS 200-100] Command     is_xip returned 0; 0 sec.
INFO: [HLS 200-100] Execute     is_encrypted /home/koernerja/Desktop/ece1373_project_seizure/c_code/ElemWiseVecMul/ElemWiseVecMul.cpp 
INFO: [HLS 200-100] Command     is_encrypted returned 0; 0 sec.
INFO: [HLS 200-100] Execute     is_xip /home/koernerja/Desktop/ece1373_project_seizure/c_code/ElemWiseVecMul/ElemWiseVecMul.cpp 
INFO: [HLS 200-100] Command     is_xip returned 0; 0 sec.
INFO: [HLS 200-100] Execute     is_encrypted /home/koernerja/Desktop/ece1373_project_seizure/data/tensorflow_data/Whc.txt 
INFO: [HLS 200-100] Command     is_encrypted returned 0; 0 sec.
INFO: [HLS 200-100] Execute     is_xip /home/koernerja/Desktop/ece1373_project_seizure/data/tensorflow_data/Whc.txt 
INFO: [HLS 200-100] Command     is_xip returned 0; 0 sec.
INFO: [HLS 200-100] Execute     is_encrypted /home/koernerja/Desktop/ece1373_project_seizure/data/tensorflow_data/Whf.txt 
INFO: [HLS 200-100] Command     is_encrypted returned 0; 0 sec.
INFO: [HLS 200-100] Execute     is_xip /home/koernerja/Desktop/ece1373_project_seizure/data/tensorflow_data/Whf.txt 
INFO: [HLS 200-100] Command     is_xip returned 0; 0 sec.
INFO: [HLS 200-100] Execute     is_encrypted /home/koernerja/Desktop/ece1373_project_seizure/data/tensorflow_data/Whi.txt 
INFO: [HLS 200-100] Command     is_encrypted returned 0; 0 sec.
INFO: [HLS 200-100] Execute     is_xip /home/koernerja/Desktop/ece1373_project_seizure/data/tensorflow_data/Whi.txt 
INFO: [HLS 200-100] Command     is_xip returned 0; 0 sec.
INFO: [HLS 200-100] Execute     is_encrypted /home/koernerja/Desktop/ece1373_project_seizure/data/tensorflow_data/Who.txt 
INFO: [HLS 200-100] Command     is_encrypted returned 0; 0 sec.
INFO: [HLS 200-100] Execute     is_xip /home/koernerja/Desktop/ece1373_project_seizure/data/tensorflow_data/Who.txt 
INFO: [HLS 200-100] Command     is_xip returned 0; 0 sec.
INFO: [HLS 200-100] Execute     is_encrypted /home/koernerja/Desktop/ece1373_project_seizure/data/tensorflow_data/Wxc.txt 
INFO: [HLS 200-100] Command     is_encrypted returned 0; 0 sec.
INFO: [HLS 200-100] Execute     is_xip /home/koernerja/Desktop/ece1373_project_seizure/data/tensorflow_data/Wxc.txt 
INFO: [HLS 200-100] Command     is_xip returned 0; 0 sec.
INFO: [HLS 200-100] Execute     is_encrypted /home/koernerja/Desktop/ece1373_project_seizure/data/tensorflow_data/Wxf.txt 
INFO: [HLS 200-100] Command     is_encrypted returned 0; 0 sec.
INFO: [HLS 200-100] Execute     is_xip /home/koernerja/Desktop/ece1373_project_seizure/data/tensorflow_data/Wxf.txt 
INFO: [HLS 200-100] Command     is_xip returned 0; 0 sec.
INFO: [HLS 200-100] Execute     is_encrypted /home/koernerja/Desktop/ece1373_project_seizure/data/tensorflow_data/Wxi.txt 
INFO: [HLS 200-100] Command     is_encrypted returned 0; 0 sec.
INFO: [HLS 200-100] Execute     is_xip /home/koernerja/Desktop/ece1373_project_seizure/data/tensorflow_data/Wxi.txt 
INFO: [HLS 200-100] Command     is_xip returned 0; 0 sec.
INFO: [HLS 200-100] Execute     is_encrypted /home/koernerja/Desktop/ece1373_project_seizure/data/tensorflow_data/Wxo.txt 
INFO: [HLS 200-100] Command     is_encrypted returned 0; 0 sec.
INFO: [HLS 200-100] Execute     is_xip /home/koernerja/Desktop/ece1373_project_seizure/data/tensorflow_data/Wxo.txt 
INFO: [HLS 200-100] Command     is_xip returned 0; 0 sec.
INFO: [HLS 200-100] Execute     is_encrypted /home/koernerja/Desktop/ece1373_project_seizure/data/tensorflow_data/Wy.txt 
INFO: [HLS 200-100] Command     is_encrypted returned 0; 0 sec.
INFO: [HLS 200-100] Execute     is_xip /home/koernerja/Desktop/ece1373_project_seizure/data/tensorflow_data/Wy.txt 
INFO: [HLS 200-100] Command     is_xip returned 0; 0 sec.
INFO: [HLS 200-100] Execute     is_encrypted /home/koernerja/Desktop/ece1373_project_seizure/data/tensorflow_data/bc.txt 
INFO: [HLS 200-100] Command     is_encrypted returned 0; 0 sec.
INFO: [HLS 200-100] Execute     is_xip /home/koernerja/Desktop/ece1373_project_seizure/data/tensorflow_data/bc.txt 
INFO: [HLS 200-100] Command     is_xip returned 0; 0 sec.
INFO: [HLS 200-100] Execute     is_encrypted /home/koernerja/Desktop/ece1373_project_seizure/data/tensorflow_data/bf.txt 
INFO: [HLS 200-100] Command     is_encrypted returned 0; 0 sec.
INFO: [HLS 200-100] Execute     is_xip /home/koernerja/Desktop/ece1373_project_seizure/data/tensorflow_data/bf.txt 
INFO: [HLS 200-100] Command     is_xip returned 0; 0 sec.
INFO: [HLS 200-100] Execute     is_encrypted /home/koernerja/Desktop/ece1373_project_seizure/data/tensorflow_data/bi.txt 
INFO: [HLS 200-100] Command     is_encrypted returned 0; 0 sec.
INFO: [HLS 200-100] Execute     is_xip /home/koernerja/Desktop/ece1373_project_seizure/data/tensorflow_data/bi.txt 
INFO: [HLS 200-100] Command     is_xip returned 0; 0 sec.
INFO: [HLS 200-100] Execute     is_encrypted /home/koernerja/Desktop/ece1373_project_seizure/data/tensorflow_data/bo.txt 
INFO: [HLS 200-100] Command     is_encrypted returned 0; 0 sec.
INFO: [HLS 200-100] Execute     is_xip /home/koernerja/Desktop/ece1373_project_seizure/data/tensorflow_data/bo.txt 
INFO: [HLS 200-100] Command     is_xip returned 0; 0 sec.
INFO: [HLS 200-100] Execute     is_encrypted /home/koernerja/Desktop/ece1373_project_seizure/data/tensorflow_data/by.txt 
INFO: [HLS 200-100] Command     is_encrypted returned 0; 0 sec.
INFO: [HLS 200-100] Execute     is_xip /home/koernerja/Desktop/ece1373_project_seizure/data/tensorflow_data/by.txt 
INFO: [HLS 200-100] Command     is_xip returned 0; 0 sec.
INFO: [HLS 200-100] Execute     is_encrypted /home/koernerja/Desktop/ece1373_project_seizure/data/tensorflow_data/logits_series.txt 
INFO: [HLS 200-100] Command     is_encrypted returned 0; 0 sec.
INFO: [HLS 200-100] Execute     is_xip /home/koernerja/Desktop/ece1373_project_seizure/data/tensorflow_data/logits_series.txt 
INFO: [HLS 200-100] Command     is_xip returned 0; 0 sec.
INFO: [HLS 200-100] Execute     is_encrypted /home/koernerja/Desktop/ece1373_project_seizure/c_code/top/lstm.cpp 
INFO: [HLS 200-100] Command     is_encrypted returned 0; 0 sec.
INFO: [HLS 200-100] Execute     is_xip /home/koernerja/Desktop/ece1373_project_seizure/c_code/top/lstm.cpp 
INFO: [HLS 200-100] Command     is_xip returned 0; 0 sec.
INFO: [HLS 200-100] Execute     is_encrypted /home/koernerja/Desktop/ece1373_project_seizure/c_code/matrix_vector_mult/mv_input.cpp 
INFO: [HLS 200-100] Command     is_encrypted returned 0; 0 sec.
INFO: [HLS 200-100] Execute     is_xip /home/koernerja/Desktop/ece1373_project_seizure/c_code/matrix_vector_mult/mv_input.cpp 
INFO: [HLS 200-100] Command     is_xip returned 0; 0 sec.
INFO: [HLS 200-100] Execute     is_encrypted /home/koernerja/Desktop/ece1373_project_seizure/c_code/matrix_vector_mult/mv_output.cpp 
INFO: [HLS 200-100] Command     is_encrypted returned 0; 0 sec.
INFO: [HLS 200-100] Execute     is_xip /home/koernerja/Desktop/ece1373_project_seizure/c_code/matrix_vector_mult/mv_output.cpp 
INFO: [HLS 200-100] Command     is_xip returned 0; 0 sec.
INFO: [HLS 200-100] Execute     is_encrypted /home/koernerja/Desktop/ece1373_project_seizure/c_code/matrix_vector_mult/mv_state.cpp 
INFO: [HLS 200-100] Command     is_encrypted returned 0; 0 sec.
INFO: [HLS 200-100] Execute     is_xip /home/koernerja/Desktop/ece1373_project_seizure/c_code/matrix_vector_mult/mv_state.cpp 
INFO: [HLS 200-100] Command     is_xip returned 0; 0 sec.
INFO: [HLS 200-100] Execute     is_encrypted /home/koernerja/Desktop/ece1373_project_seizure/data/tensorflow_data/predictions_series.txt 
INFO: [HLS 200-100] Command     is_encrypted returned 0; 0 sec.
INFO: [HLS 200-100] Execute     is_xip /home/koernerja/Desktop/ece1373_project_seizure/data/tensorflow_data/predictions_series.txt 
INFO: [HLS 200-100] Command     is_xip returned 0; 0 sec.
INFO: [HLS 200-100] Execute     is_encrypted /home/koernerja/Desktop/ece1373_project_seizure/data/tensorflow_data/states_series.txt 
INFO: [HLS 200-100] Command     is_encrypted returned 0; 0 sec.
INFO: [HLS 200-100] Execute     is_xip /home/koernerja/Desktop/ece1373_project_seizure/data/tensorflow_data/states_series.txt 
INFO: [HLS 200-100] Command     is_xip returned 0; 0 sec.
INFO: [HLS 200-100] Execute     source run_sim.tcl 
INFO: [HLS 200-100] Command     ap_source returned 0; 14.35 sec.
INFO: [SIM 211-1] CSim done with 0 errors.
INFO: [SIM 211-3] *************** CSIM finish ***************
INFO: [HLS 200-100] Command   csim_design returned 0; 112.33 sec.
INFO: [HLS 200-100] Command ap_source returned 0; 112.62 sec.
INFO: [HLS 200-100] Execute cleanup_all 
INFO: [HLS 200-100] Command cleanup_all returned 0; 0 sec.
